Using pre-set license
Built from '2020.3/staging' branch; Version is '2020.3.4f1 (0abb6314276a) revision 703331'; Using compiler version '192528614'; Build Type 'Release'
OS: 'Windows 10 Pro; OS build 19041.928; Version 2004; 64bit' Language: 'ru' Physical Memory: 32724 MB
BatchMode: 1, IsHumanControllingUs: 0, StartBugReporterOnCrash: 0, Is64bit: 1, IsPro: 0

 COMMAND LINE ARGUMENTS:
D:\Program Files\2020.3.4f1\Editor\Unity.exe
-adb2
-batchMode
-noUpm
-name
AssetImportWorker0
-projectPath
C:/Users/Kirill/2DPlatformerTutorial
-logFile
Logs/AssetImportWorker0.log
-srvPort
60974
Successfully changed project path to: C:/Users/Kirill/2DPlatformerTutorial
C:/Users/Kirill/2DPlatformerTutorial
Using Asset Import Pipeline V2.
Refreshing native plugins compatible for Editor in 56.48 ms, found 1 plugins.
Preloading 0 native plugins for Editor in 0.00 ms.
Initialize engine version: 2020.3.4f1 (0abb6314276a)
[Subsystems] Discovering subsystems at path D:/Program Files/2020.3.4f1/Editor/Data/Resources/UnitySubsystems
[Subsystems] Discovering subsystems at path C:/Users/Kirill/2DPlatformerTutorial/Assets
GfxDevice: creating device client; threaded=0
Direct3D:
    Version:  Direct3D 11.0 [level 11.1]
    Renderer: NVIDIA GeForce GTX 1060 6GB (ID=0x1c03)
    Vendor:   
    VRAM:     6052 MB
    Driver:   27.21.14.6611
Initialize mono
Mono path[0] = 'D:/Program Files/2020.3.4f1/Editor/Data/Managed'
Mono path[1] = 'D:/Program Files/2020.3.4f1/Editor/Data/MonoBleedingEdge/lib/mono/unityjit'
Mono config path = 'D:/Program Files/2020.3.4f1/Editor/Data/MonoBleedingEdge/etc'
Using monoOptions --debugger-agent=transport=dt_socket,embedding=1,server=y,suspend=n,address=127.0.0.1:56464
Begin MonoManager ReloadAssembly
Registering precompiled unity dll's ...
Register platform support module: D:/Program Files/2020.3.4f1/Editor/Data/PlaybackEngines/WindowsStandaloneSupport/UnityEditor.WindowsStandalone.Extensions.dll
Registered in 0.042395 seconds.
Native extension for WindowsStandalone target not found
Refreshing native plugins compatible for Editor in 39.92 ms, found 1 plugins.
Preloading 0 native plugins for Editor in 0.00 ms.
Mono: successfully reloaded assembly
- Completed reload, in 12.855 seconds
Platform modules already initialized, skipping
Registering precompiled user dll's ...
Registered in 0.001114 seconds.
Begin MonoManager ReloadAssembly
Native extension for WindowsStandalone target not found
Refreshing native plugins compatible for Editor in 49.66 ms, found 1 plugins.
Preloading 0 native plugins for Editor in 0.00 ms.
Mono: successfully reloaded assembly
- Completed reload, in  1.685 seconds
Platform modules already initialized, skipping
========================================================================
Worker process is ready to serve import requests
Launched and connected shader compiler UnityShaderCompiler.exe after 0.16 seconds
Refreshing native plugins compatible for Editor in 0.77 ms, found 1 plugins.
Preloading 0 native plugins for Editor in 0.00 ms.
Unloading 1808 Unused Serialized files (Serialized files now loaded: 0)
System memory in use before: 84.9 MB.
System memory in use after: 84.9 MB.

Unloading 24 unused Assets to reduce memory usage. Loaded Objects now: 2250.
Total: 4.124100 ms (FindLiveObjects: 0.645100 ms CreateObjectMapping: 0.189400 ms MarkObjects: 2.930900 ms  DeleteObjects: 0.357300 ms)

========================================================================
Received Import Request.
  path: Assets/Materials
  artifactKey: Guid(f649e284abf49b34eba04f0489d25bbf) Importer(815301076,1909f56bfc062723c751e8b465ee728b)
Start importing Assets/Materials using Guid(f649e284abf49b34eba04f0489d25bbf) Importer(815301076,1909f56bfc062723c751e8b465ee728b)  -> (artifact id: 'a9a3bce1738c8ddd57c6b5c536ef6c78') in 0.052162 seconds
  Import took 0.056538 seconds .

========================================================================
Received Import Request.
  Time since last request: 117.876104 seconds.
  path: Assets/Materials/Level Design
  artifactKey: Guid(e1e3c110af1eb9d43b89cd3f5b5442c2) Importer(815301076,1909f56bfc062723c751e8b465ee728b)
Start importing Assets/Materials/Level Design using Guid(e1e3c110af1eb9d43b89cd3f5b5442c2) Importer(815301076,1909f56bfc062723c751e8b465ee728b)  -> (artifact id: 'ab31e4eab17fe587e151f56cae7ba9c4') in 0.002220 seconds
  Import took 0.013250 seconds .

========================================================================
Received Import Request.
  Time since last request: 0.060551 seconds.
  path: Assets/Materials/Level Design/Layer1.png
  artifactKey: Guid(6c079855f856b604f925eaddf333367b) Importer(815301076,1909f56bfc062723c751e8b465ee728b)
Start importing Assets/Materials/Level Design/Layer1.png using Guid(6c079855f856b604f925eaddf333367b) Importer(815301076,1909f56bfc062723c751e8b465ee728b)  -> (artifact id: '19e86bd3d6bd826ba91a6286122bffb6') in 0.294206 seconds
  Import took 0.299463 seconds .

========================================================================
Received Import Request.
  Time since last request: 0.000183 seconds.
  path: Assets/Materials/Level Design/Layer5.png
  artifactKey: Guid(08fea349d1e1a4741a52373d9ac22216) Importer(815301076,1909f56bfc062723c751e8b465ee728b)
Start importing Assets/Materials/Level Design/Layer5.png using Guid(08fea349d1e1a4741a52373d9ac22216) Importer(815301076,1909f56bfc062723c751e8b465ee728b)  -> (artifact id: '6d87f2b59fa7572e31223661a9fa8258') in 0.013021 seconds
  Import took 0.019176 seconds .

========================================================================
Received Import Request.
  Time since last request: 0.000241 seconds.
  path: Assets/Materials/Level Design/Layer2.png
  artifactKey: Guid(6f30ef6c0cc084049911386a5874e908) Importer(815301076,1909f56bfc062723c751e8b465ee728b)
Start importing Assets/Materials/Level Design/Layer2.png using Guid(6f30ef6c0cc084049911386a5874e908) Importer(815301076,1909f56bfc062723c751e8b465ee728b)  -> (artifact id: 'fea85e702e65a6c829b0695b3120d3cb') in 0.012779 seconds
  Import took 0.018788 seconds .

========================================================================
Received Import Request.
  Time since last request: 0.000220 seconds.
  path: Assets/Materials/Level Design/Tile.png
  artifactKey: Guid(f40bb12c235899f4e9475f4c4c9172d9) Importer(815301076,1909f56bfc062723c751e8b465ee728b)
Start importing Assets/Materials/Level Design/Tile.png using Guid(f40bb12c235899f4e9475f4c4c9172d9) Importer(815301076,1909f56bfc062723c751e8b465ee728b)  -> (artifact id: '5345e1ed38fcae29260fb67f5a263fe3') in 0.018419 seconds
  Import took 0.023307 seconds .

========================================================================
Received Import Request.
  Time since last request: 0.000236 seconds.
  path: Assets/Materials/Level Design/Layer3.png
  artifactKey: Guid(594a4b140a5e18647b7e74e7325a2db9) Importer(815301076,1909f56bfc062723c751e8b465ee728b)
Start importing Assets/Materials/Level Design/Layer3.png using Guid(594a4b140a5e18647b7e74e7325a2db9) Importer(815301076,1909f56bfc062723c751e8b465ee728b)  -> (artifact id: 'd1b355f46c6b84b2e679762e9ff5c28b') in 0.013223 seconds
  Import took 0.018974 seconds .

AssetImportWorkerClient::OnTransportError - code=2 error=End of file
